[5.671s] Invoking command in '/home/slaoui/ros2_ws/src/sensor_node': PYTHONPATH=/home/slaoui/ros2_ws/build/sensor_node/prefix_override:/usr/lib/python3/dist-packages/colcon_core/task/python/colcon_distutils_commands:/home/slaoui/ros2_ws/install/sensor_node/lib/python3.10/site-packages:${PYTHONPATH} /usr/bin/python3 -W ignore:setup.py install is deprecated -W ignore:easy_install command is deprecated setup.py egg_info --egg-base ../../build/sensor_node build --build-base /home/slaoui/ros2_ws/build/sensor_node/build install --record /home/slaoui/ros2_ws/build/sensor_node/install.log --single-version-externally-managed
[6.423s] running egg_info
[6.423s] writing ../../build/sensor_node/sensor_node.egg-info/PKG-INFO
[6.423s] writing dependency_links to ../../build/sensor_node/sensor_node.egg-info/dependency_links.txt
[6.424s] writing entry points to ../../build/sensor_node/sensor_node.egg-info/entry_points.txt
[6.424s] writing requirements to ../../build/sensor_node/sensor_node.egg-info/requires.txt
[6.425s] writing top-level names to ../../build/sensor_node/sensor_node.egg-info/top_level.txt
[6.429s] reading manifest file '../../build/sensor_node/sensor_node.egg-info/SOURCES.txt'
[6.429s] writing manifest file '../../build/sensor_node/sensor_node.egg-info/SOURCES.txt'
[6.435s] running build
[6.435s] running build_py
[6.436s] running install
[6.471s] running install_lib
[6.471s] running install_egg_info
[6.526s] removing '/home/slaoui/ros2_ws/install/sensor_node/lib/python3.10/site-packages/sensor_node-0.0.0-py3.10.egg-info' (and everything under it)
[6.526s] Copying ../../build/sensor_node/sensor_node.egg-info to /home/slaoui/ros2_ws/install/sensor_node/lib/python3.10/site-packages/sensor_node-0.0.0-py3.10.egg-info
[6.526s] running install_scripts
[6.680s] Installing sensor script to /home/slaoui/ros2_ws/install/sensor_node/lib/sensor_node
[6.732s] writing list of installed files to '/home/slaoui/ros2_ws/build/sensor_node/install.log'
[6.876s] Invoked command in '/home/slaoui/ros2_ws/src/sensor_node' returned '0': PYTHONPATH=/home/slaoui/ros2_ws/build/sensor_node/prefix_override:/usr/lib/python3/dist-packages/colcon_core/task/python/colcon_distutils_commands:/home/slaoui/ros2_ws/install/sensor_node/lib/python3.10/site-packages:${PYTHONPATH} /usr/bin/python3 -W ignore:setup.py install is deprecated -W ignore:easy_install command is deprecated setup.py egg_info --egg-base ../../build/sensor_node build --build-base /home/slaoui/ros2_ws/build/sensor_node/build install --record /home/slaoui/ros2_ws/build/sensor_node/install.log --single-version-externally-managed
