[0.574s] DEBUG:colcon:Command line arguments: ['/usr/bin/colcon', 'build']
[0.575s] DEBUG:colcon:Parsed command line arguments: Namespace(log_base=None, log_level=None, verb_name='build', build_base='build', install_base='install', merge_install=False, symlink_install=False, test_result_base=None, continue_on_error=False, executor='parallel', parallel_workers=4, event_handlers=None, ignore_user_meta=False, metas=['./colcon.meta'], base_paths=['.'], packages_ignore=None, packages_ignore_regex=None, paths=None, packages_up_to=None, packages_up_to_regex=None, packages_above=None, packages_above_and_dependencies=None, packages_above_depth=None, packages_select_by_dep=None, packages_skip_by_dep=None, packages_skip_up_to=None, packages_select_build_failed=False, packages_skip_build_finished=False, packages_select_test_failures=False, packages_skip_test_passed=False, packages_select=None, packages_skip=None, packages_select_regex=None, packages_skip_regex=None, packages_start=None, packages_end=None, allow_overriding=[], cmake_args=None, cmake_target=None, cmake_target_skip_unavailable=False, cmake_clean_cache=False, cmake_clean_first=False, cmake_force_configure=False, ament_cmake_args=None, catkin_cmake_args=None, catkin_skip_building_tests=False, verb_parser=<colcon_defaults.argument_parser.defaults.DefaultArgumentsDecorator object at 0x7e8d2d03cb80>, verb_extension=<colcon_core.verb.build.BuildVerb object at 0x7e8d2d149f60>, main=<bound method BuildVerb.main of <colcon_core.verb.build.BuildVerb object at 0x7e8d2d149f60>>)
[1.163s] Level 1:colcon.colcon_core.package_discovery:discover_packages(colcon_meta) check parameters
[1.163s] Level 1:colcon.colcon_core.package_discovery:discover_packages(recursive) check parameters
[1.164s] Level 1:colcon.colcon_core.package_discovery:discover_packages(ignore) check parameters
[1.164s] Level 1:colcon.colcon_core.package_discovery:discover_packages(path) check parameters
[1.164s] Level 1:colcon.colcon_core.package_discovery:discover_packages(colcon_meta) discover
[1.164s] Level 1:colcon.colcon_core.package_discovery:discover_packages(recursive) discover
[1.164s] INFO:colcon.colcon_core.package_discovery:Crawling recursively for packages in '/home/slaoui/ros2_ws'
[1.164s] Level 1:colcon.colcon_core.package_identification:_identify(.) by extensions ['ignore', 'ignore_ament_install']
[1.164s] Level 1:colcon.colcon_core.package_identification:_identify(.) by extension 'ignore'
[1.164s] Level 1:colcon.colcon_core.package_identification:_identify(.) by extension 'ignore_ament_install'
[1.164s] Level 1:colcon.colcon_core.package_identification:_identify(.) by extensions ['colcon_pkg']
[1.164s] Level 1:colcon.colcon_core.package_identification:_identify(.) by extension 'colcon_pkg'
[1.165s] Level 1:colcon.colcon_core.package_identification:_identify(.) by extensions ['colcon_meta']
[1.165s] Level 1:colcon.colcon_core.package_identification:_identify(.) by extension 'colcon_meta'
[1.165s] Level 1:colcon.colcon_core.package_identification:_identify(.) by extensions ['ros']
[1.165s] Level 1:colcon.colcon_core.package_identification:_identify(.) by extension 'ros'
[1.251s] Level 1:colcon.colcon_core.package_identification:_identify(.) by extensions ['cmake', 'python']
[1.251s] Level 1:colcon.colcon_core.package_identification:_identify(.) by extension 'cmake'
[1.251s] Level 1:colcon.colcon_core.package_identification:_identify(.) by extension 'python'
[1.251s] Level 1:colcon.colcon_core.package_identification:_identify(.) by extensions ['python_setup_py']
[1.251s] Level 1:colcon.colcon_core.package_identification:_identify(.) by extension 'python_setup_py'
[1.252s] Level 1:colcon.colcon_core.package_identification:_identify(build) by extensions ['ignore', 'ignore_ament_install']
[1.252s] Level 1:colcon.colcon_core.package_identification:_identify(build) by extension 'ignore'
[1.252s] Level 1:colcon.colcon_core.package_identification:_identify(build) ignored
[1.252s] Level 1:colcon.colcon_core.package_identification:_identify(install) by extensions ['ignore', 'ignore_ament_install']
[1.252s] Level 1:colcon.colcon_core.package_identification:_identify(install) by extension 'ignore'
[1.252s] Level 1:colcon.colcon_core.package_identification:_identify(install) ignored
[1.252s] Level 1:colcon.colcon_core.package_identification:_identify(log) by extensions ['ignore', 'ignore_ament_install']
[1.252s] Level 1:colcon.colcon_core.package_identification:_identify(log) by extension 'ignore'
[1.253s] Level 1:colcon.colcon_core.package_identification:_identify(log) ignored
[1.253s] Level 1:colcon.colcon_core.package_identification:_identify(src) by extensions ['ignore', 'ignore_ament_install']
[1.253s] Level 1:colcon.colcon_core.package_identification:_identify(src) by extension 'ignore'
[1.253s] Level 1:colcon.colcon_core.package_identification:_identify(src) by extension 'ignore_ament_install'
[1.253s] Level 1:colcon.colcon_core.package_identification:_identify(src) by extensions ['colcon_pkg']
[1.253s] Level 1:colcon.colcon_core.package_identification:_identify(src) by extension 'colcon_pkg'
[1.253s] Level 1:colcon.colcon_core.package_identification:_identify(src) by extensions ['colcon_meta']
[1.253s] Level 1:colcon.colcon_core.package_identification:_identify(src) by extension 'colcon_meta'
[1.253s] Level 1:colcon.colcon_core.package_identification:_identify(src) by extensions ['ros']
[1.253s] Level 1:colcon.colcon_core.package_identification:_identify(src) by extension 'ros'
[1.253s] Level 1:colcon.colcon_core.package_identification:_identify(src) by extensions ['cmake', 'python']
[1.253s] Level 1:colcon.colcon_core.package_identification:_identify(src) by extension 'cmake'
[1.253s] Level 1:colcon.colcon_core.package_identification:_identify(src) by extension 'python'
[1.254s] Level 1:colcon.colcon_core.package_identification:_identify(src) by extensions ['python_setup_py']
[1.254s] Level 1:colcon.colcon_core.package_identification:_identify(src) by extension 'python_setup_py'
[1.254s] Level 1:colcon.colcon_core.package_identification:_identify(src/light_follower) by extensions ['ignore', 'ignore_ament_install']
[1.254s] Level 1:colcon.colcon_core.package_identification:_identify(src/light_follower) by extension 'ignore'
[1.254s] Level 1:colcon.colcon_core.package_identification:_identify(src/light_follower) by extension 'ignore_ament_install'
[1.254s] Level 1:colcon.colcon_core.package_identification:_identify(src/light_follower) by extensions ['colcon_pkg']
[1.254s] Level 1:colcon.colcon_core.package_identification:_identify(src/light_follower) by extension 'colcon_pkg'
[1.254s] Level 1:colcon.colcon_core.package_identification:_identify(src/light_follower) by extensions ['colcon_meta']
[1.254s] Level 1:colcon.colcon_core.package_identification:_identify(src/light_follower) by extension 'colcon_meta'
[1.254s] Level 1:colcon.colcon_core.package_identification:_identify(src/light_follower) by extensions ['ros']
[1.254s] Level 1:colcon.colcon_core.package_identification:_identify(src/light_follower) by extension 'ros'
[1.261s] DEBUG:colcon.colcon_core.package_identification:Package 'src/light_follower' with type 'ros.ament_python' and name 'light_follower'
[1.262s] Level 1:colcon.colcon_core.package_identification:_identify(src/light_source) by extensions ['ignore', 'ignore_ament_install']
[1.262s] Level 1:colcon.colcon_core.package_identification:_identify(src/light_source) by extension 'ignore'
[1.262s] Level 1:colcon.colcon_core.package_identification:_identify(src/light_source) by extension 'ignore_ament_install'
[1.262s] Level 1:colcon.colcon_core.package_identification:_identify(src/light_source) by extensions ['colcon_pkg']
[1.262s] Level 1:colcon.colcon_core.package_identification:_identify(src/light_source) by extension 'colcon_pkg'
[1.262s] Level 1:colcon.colcon_core.package_identification:_identify(src/light_source) by extensions ['colcon_meta']
[1.262s] Level 1:colcon.colcon_core.package_identification:_identify(src/light_source) by extension 'colcon_meta'
[1.262s] Level 1:colcon.colcon_core.package_identification:_identify(src/light_source) by extensions ['ros']
[1.262s] Level 1:colcon.colcon_core.package_identification:_identify(src/light_source) by extension 'ros'
[1.264s] DEBUG:colcon.colcon_core.package_identification:Package 'src/light_source' with type 'ros.ament_python' and name 'light_source'
[1.264s] Level 1:colcon.colcon_core.package_identification:_identify(src/sensor_node) by extensions ['ignore', 'ignore_ament_install']
[1.264s] Level 1:colcon.colcon_core.package_identification:_identify(src/sensor_node) by extension 'ignore'
[1.264s] Level 1:colcon.colcon_core.package_identification:_identify(src/sensor_node) by extension 'ignore_ament_install'
[1.264s] Level 1:colcon.colcon_core.package_identification:_identify(src/sensor_node) by extensions ['colcon_pkg']
[1.265s] Level 1:colcon.colcon_core.package_identification:_identify(src/sensor_node) by extension 'colcon_pkg'
[1.265s] Level 1:colcon.colcon_core.package_identification:_identify(src/sensor_node) by extensions ['colcon_meta']
[1.265s] Level 1:colcon.colcon_core.package_identification:_identify(src/sensor_node) by extension 'colcon_meta'
[1.265s] Level 1:colcon.colcon_core.package_identification:_identify(src/sensor_node) by extensions ['ros']
[1.265s] Level 1:colcon.colcon_core.package_identification:_identify(src/sensor_node) by extension 'ros'
[1.266s] DEBUG:colcon.colcon_core.package_identification:Package 'src/sensor_node' with type 'ros.ament_python' and name 'sensor_node'
[1.266s] Level 1:colcon.colcon_core.package_discovery:discover_packages(recursive) using defaults
[1.266s] Level 1:colcon.colcon_core.package_discovery:discover_packages(ignore) discover
[1.266s] Level 1:colcon.colcon_core.package_discovery:discover_packages(ignore) using defaults
[1.266s] Level 1:colcon.colcon_core.package_discovery:discover_packages(path) discover
[1.266s] Level 1:colcon.colcon_core.package_discovery:discover_packages(path) using defaults
[1.396s] Level 1:colcon.colcon_core.package_discovery:discover_packages(prefix_path) check parameters
[1.397s] Level 1:colcon.colcon_core.package_discovery:discover_packages(prefix_path) discover
[1.401s] DEBUG:colcon.colcon_installed_package_information.package_discovery:Found 3 installed packages in /home/slaoui/ros2_ws/install
[1.404s] DEBUG:colcon.colcon_installed_package_information.package_discovery:Found 384 installed packages in /opt/ros/humble
[1.408s] Level 1:colcon.colcon_core.package_discovery:discover_packages(prefix_path) using defaults
[1.521s] Level 5:colcon.colcon_core.verb:set package 'light_follower' build argument 'cmake_args' from command line to 'None'
[1.521s] Level 5:colcon.colcon_core.verb:set package 'light_follower' build argument 'cmake_target' from command line to 'None'
[1.521s] Level 5:colcon.colcon_core.verb:set package 'light_follower' build argument 'cmake_target_skip_unavailable' from command line to 'False'
[1.521s] Level 5:colcon.colcon_core.verb:set package 'light_follower' build argument 'cmake_clean_cache' from command line to 'False'
[1.521s] Level 5:colcon.colcon_core.verb:set package 'light_follower' build argument 'cmake_clean_first' from command line to 'False'
[1.521s] Level 5:colcon.colcon_core.verb:set package 'light_follower' build argument 'cmake_force_configure' from command line to 'False'
[1.521s] Level 5:colcon.colcon_core.verb:set package 'light_follower' build argument 'ament_cmake_args' from command line to 'None'
[1.521s] Level 5:colcon.colcon_core.verb:set package 'light_follower' build argument 'catkin_cmake_args' from command line to 'None'
[1.521s] Level 5:colcon.colcon_core.verb:set package 'light_follower' build argument 'catkin_skip_building_tests' from command line to 'False'
[1.521s] DEBUG:colcon.colcon_core.verb:Building package 'light_follower' with the following arguments: {'ament_cmake_args': None, 'build_base': '/home/slaoui/ros2_ws/build/light_follower', 'catkin_cmake_args': None, 'catkin_skip_building_tests': False, 'cmake_args': None, 'cmake_clean_cache': False, 'cmake_clean_first': False, 'cmake_force_configure': False, 'cmake_target': None, 'cmake_target_skip_unavailable': False, 'install_base': '/home/slaoui/ros2_ws/install/light_follower', 'merge_install': False, 'path': '/home/slaoui/ros2_ws/src/light_follower', 'symlink_install': False, 'test_result_base': None}
[1.522s] Level 5:colcon.colcon_core.verb:set package 'light_source' build argument 'cmake_args' from command line to 'None'
[1.522s] Level 5:colcon.colcon_core.verb:set package 'light_source' build argument 'cmake_target' from command line to 'None'
[1.522s] Level 5:colcon.colcon_core.verb:set package 'light_source' build argument 'cmake_target_skip_unavailable' from command line to 'False'
[1.522s] Level 5:colcon.colcon_core.verb:set package 'light_source' build argument 'cmake_clean_cache' from command line to 'False'
[1.522s] Level 5:colcon.colcon_core.verb:set package 'light_source' build argument 'cmake_clean_first' from command line to 'False'
[1.522s] Level 5:colcon.colcon_core.verb:set package 'light_source' build argument 'cmake_force_configure' from command line to 'False'
[1.522s] Level 5:colcon.colcon_core.verb:set package 'light_source' build argument 'ament_cmake_args' from command line to 'None'
[1.522s] Level 5:colcon.colcon_core.verb:set package 'light_source' build argument 'catkin_cmake_args' from command line to 'None'
[1.522s] Level 5:colcon.colcon_core.verb:set package 'light_source' build argument 'catkin_skip_building_tests' from command line to 'False'
[1.522s] DEBUG:colcon.colcon_core.verb:Building package 'light_source' with the following arguments: {'ament_cmake_args': None, 'build_base': '/home/slaoui/ros2_ws/build/light_source', 'catkin_cmake_args': None, 'catkin_skip_building_tests': False, 'cmake_args': None, 'cmake_clean_cache': False, 'cmake_clean_first': False, 'cmake_force_configure': False, 'cmake_target': None, 'cmake_target_skip_unavailable': False, 'install_base': '/home/slaoui/ros2_ws/install/light_source', 'merge_install': False, 'path': '/home/slaoui/ros2_ws/src/light_source', 'symlink_install': False, 'test_result_base': None}
[1.523s] Level 5:colcon.colcon_core.verb:set package 'sensor_node' build argument 'cmake_args' from command line to 'None'
[1.523s] Level 5:colcon.colcon_core.verb:set package 'sensor_node' build argument 'cmake_target' from command line to 'None'
[1.523s] Level 5:colcon.colcon_core.verb:set package 'sensor_node' build argument 'cmake_target_skip_unavailable' from command line to 'False'
[1.523s] Level 5:colcon.colcon_core.verb:set package 'sensor_node' build argument 'cmake_clean_cache' from command line to 'False'
[1.523s] Level 5:colcon.colcon_core.verb:set package 'sensor_node' build argument 'cmake_clean_first' from command line to 'False'
[1.523s] Level 5:colcon.colcon_core.verb:set package 'sensor_node' build argument 'cmake_force_configure' from command line to 'False'
[1.523s] Level 5:colcon.colcon_core.verb:set package 'sensor_node' build argument 'ament_cmake_args' from command line to 'None'
[1.523s] Level 5:colcon.colcon_core.verb:set package 'sensor_node' build argument 'catkin_cmake_args' from command line to 'None'
[1.523s] Level 5:colcon.colcon_core.verb:set package 'sensor_node' build argument 'catkin_skip_building_tests' from command line to 'False'
[1.523s] DEBUG:colcon.colcon_core.verb:Building package 'sensor_node' with the following arguments: {'ament_cmake_args': None, 'build_base': '/home/slaoui/ros2_ws/build/sensor_node', 'catkin_cmake_args': None, 'catkin_skip_building_tests': False, 'cmake_args': None, 'cmake_clean_cache': False, 'cmake_clean_first': False, 'cmake_force_configure': False, 'cmake_target': None, 'cmake_target_skip_unavailable': False, 'install_base': '/home/slaoui/ros2_ws/install/sensor_node', 'merge_install': False, 'path': '/home/slaoui/ros2_ws/src/sensor_node', 'symlink_install': False, 'test_result_base': None}
[1.523s] INFO:colcon.colcon_core.executor:Executing jobs using 'parallel' executor
[1.560s] DEBUG:colcon.colcon_parallel_executor.executor.parallel:run_until_complete
[1.561s] INFO:colcon.colcon_ros.task.ament_python.build:Building ROS package in '/home/slaoui/ros2_ws/src/light_follower' with build type 'ament_python'
[1.561s] Level 1:colcon.colcon_core.shell:create_environment_hook('light_follower', 'ament_prefix_path')
[1.576s] INFO:colcon.colcon_core.plugin_system:Skipping extension 'colcon_core.shell.bat': Not used on non-Windows systems
[1.577s] INFO:colcon.colcon_core.shell:Creating environment hook '/home/slaoui/ros2_ws/install/light_follower/share/light_follower/hook/ament_prefix_path.ps1'
[1.583s] INFO:colcon.colcon_core.shell:Creating environment descriptor '/home/slaoui/ros2_ws/install/light_follower/share/light_follower/hook/ament_prefix_path.dsv'
[1.587s] INFO:colcon.colcon_core.shell:Creating environment hook '/home/slaoui/ros2_ws/install/light_follower/share/light_follower/hook/ament_prefix_path.sh'
[1.657s] INFO:colcon.colcon_core.shell:Skip shell extension 'powershell' for command environment: Not usable outside of PowerShell
[1.657s] DEBUG:colcon.colcon_core.shell:Skip shell extension 'dsv' for command environment
[1.686s] INFO:colcon.colcon_ros.task.ament_python.build:Building ROS package in '/home/slaoui/ros2_ws/src/light_source' with build type 'ament_python'
[1.688s] Level 1:colcon.colcon_core.shell:create_environment_hook('light_source', 'ament_prefix_path')
[1.695s] INFO:colcon.colcon_core.shell:Creating environment hook '/home/slaoui/ros2_ws/install/light_source/share/light_source/hook/ament_prefix_path.ps1'
[1.706s] INFO:colcon.colcon_core.shell:Creating environment descriptor '/home/slaoui/ros2_ws/install/light_source/share/light_source/hook/ament_prefix_path.dsv'
[1.707s] INFO:colcon.colcon_core.shell:Creating environment hook '/home/slaoui/ros2_ws/install/light_source/share/light_source/hook/ament_prefix_path.sh'
[1.709s] INFO:colcon.colcon_core.shell:Skip shell extension 'powershell' for command environment: Not usable outside of PowerShell
[1.710s] DEBUG:colcon.colcon_core.shell:Skip shell extension 'dsv' for command environment
[1.795s] INFO:colcon.colcon_ros.task.ament_python.build:Building ROS package in '/home/slaoui/ros2_ws/src/sensor_node' with build type 'ament_python'
[1.799s] Level 1:colcon.colcon_core.shell:create_environment_hook('sensor_node', 'ament_prefix_path')
[1.801s] INFO:colcon.colcon_core.shell:Creating environment hook '/home/slaoui/ros2_ws/install/sensor_node/share/sensor_node/hook/ament_prefix_path.ps1'
[1.803s] INFO:colcon.colcon_core.shell:Creating environment descriptor '/home/slaoui/ros2_ws/install/sensor_node/share/sensor_node/hook/ament_prefix_path.dsv'
[1.804s] INFO:colcon.colcon_core.shell:Creating environment hook '/home/slaoui/ros2_ws/install/sensor_node/share/sensor_node/hook/ament_prefix_path.sh'
[1.806s] INFO:colcon.colcon_core.shell:Skip shell extension 'powershell' for command environment: Not usable outside of PowerShell
[1.806s] DEBUG:colcon.colcon_core.shell:Skip shell extension 'dsv' for command environment
[2.727s] WARNING:colcon.colcon_ros.task.ament_python.build:Package 'light_follower' doesn't explicitly install a marker in the package index (colcon-ros currently does it implicitly but that fallback will be removed in the future)
[2.728s] WARNING:colcon.colcon_ros.task.ament_python.build:Package 'light_follower' doesn't explicitly install the 'package.xml' file (colcon-ros currently does it implicitly but that fallback will be removed in the future)
[2.735s] INFO:colcon.colcon_core.task.python.build:Building Python package in '/home/slaoui/ros2_ws/src/light_follower'
[2.736s] INFO:colcon.colcon_core.shell:Skip shell extension 'powershell' for command environment: Not usable outside of PowerShell
[2.737s] DEBUG:colcon.colcon_core.shell:Skip shell extension 'dsv' for command environment
[4.203s] WARNING:colcon.colcon_ros.task.ament_python.build:Package 'sensor_node' doesn't explicitly install a marker in the package index (colcon-ros currently does it implicitly but that fallback will be removed in the future)
[4.216s] WARNING:colcon.colcon_ros.task.ament_python.build:Package 'sensor_node' doesn't explicitly install the 'package.xml' file (colcon-ros currently does it implicitly but that fallback will be removed in the future)
[4.217s] INFO:colcon.colcon_core.task.python.build:Building Python package in '/home/slaoui/ros2_ws/src/sensor_node'
[4.231s] INFO:colcon.colcon_core.shell:Skip shell extension 'powershell' for command environment: Not usable outside of PowerShell
[4.232s] DEBUG:colcon.colcon_core.shell:Skip shell extension 'dsv' for command environment
[5.918s] WARNING:colcon.colcon_ros.task.ament_python.build:Package 'light_source' doesn't explicitly install a marker in the package index (colcon-ros currently does it implicitly but that fallback will be removed in the future)
[5.919s] WARNING:colcon.colcon_ros.task.ament_python.build:Package 'light_source' doesn't explicitly install the 'package.xml' file (colcon-ros currently does it implicitly but that fallback will be removed in the future)
[5.923s] INFO:colcon.colcon_core.task.python.build:Building Python package in '/home/slaoui/ros2_ws/src/light_source'
[5.924s] INFO:colcon.colcon_core.shell:Skip shell extension 'powershell' for command environment: Not usable outside of PowerShell
[5.924s] DEBUG:colcon.colcon_core.shell:Skip shell extension 'dsv' for command environment
[7.489s] DEBUG:colcon.colcon_core.event_handler.log_command:Invoking command in '/home/slaoui/ros2_ws/src/light_source': PYTHONPATH=/home/slaoui/ros2_ws/build/light_source/prefix_override:/usr/lib/python3/dist-packages/colcon_core/task/python/colcon_distutils_commands:/home/slaoui/ros2_ws/install/light_source/lib/python3.10/site-packages:${PYTHONPATH} /usr/bin/python3 -W ignore:setup.py install is deprecated -W ignore:easy_install command is deprecated setup.py egg_info --egg-base ../../build/light_source build --build-base /home/slaoui/ros2_ws/build/light_source/build install --record /home/slaoui/ros2_ws/build/light_source/install.log --single-version-externally-managed
[7.533s] DEBUG:colcon.colcon_core.event_handler.log_command:Invoking command in '/home/slaoui/ros2_ws/src/sensor_node': PYTHONPATH=/home/slaoui/ros2_ws/build/sensor_node/prefix_override:/usr/lib/python3/dist-packages/colcon_core/task/python/colcon_distutils_commands:/home/slaoui/ros2_ws/install/sensor_node/lib/python3.10/site-packages:${PYTHONPATH} /usr/bin/python3 -W ignore:setup.py install is deprecated -W ignore:easy_install command is deprecated setup.py egg_info --egg-base ../../build/sensor_node build --build-base /home/slaoui/ros2_ws/build/sensor_node/build install --record /home/slaoui/ros2_ws/build/sensor_node/install.log --single-version-externally-managed
[7.618s] DEBUG:colcon.colcon_core.event_handler.log_command:Invoking command in '/home/slaoui/ros2_ws/src/light_follower': PYTHONPATH=/home/slaoui/ros2_ws/build/light_follower/prefix_override:/usr/lib/python3/dist-packages/colcon_core/task/python/colcon_distutils_commands:/home/slaoui/ros2_ws/install/light_follower/lib/python3.10/site-packages:${PYTHONPATH} /usr/bin/python3 -W ignore:setup.py install is deprecated -W ignore:easy_install command is deprecated setup.py egg_info --egg-base ../../build/light_follower build --build-base /home/slaoui/ros2_ws/build/light_follower/build install --record /home/slaoui/ros2_ws/build/light_follower/install.log --single-version-externally-managed
[8.539s] Level 1:colcon.colcon_core.environment:checking '/home/slaoui/ros2_ws/install/light_source' for CMake module files
[8.541s] DEBUG:colcon.colcon_core.event_handler.log_command:Invoked command in '/home/slaoui/ros2_ws/src/light_source' returned '0': PYTHONPATH=/home/slaoui/ros2_ws/build/light_source/prefix_override:/usr/lib/python3/dist-packages/colcon_core/task/python/colcon_distutils_commands:/home/slaoui/ros2_ws/install/light_source/lib/python3.10/site-packages:${PYTHONPATH} /usr/bin/python3 -W ignore:setup.py install is deprecated -W ignore:easy_install command is deprecated setup.py egg_info --egg-base ../../build/light_source build --build-base /home/slaoui/ros2_ws/build/light_source/build install --record /home/slaoui/ros2_ws/build/light_source/install.log --single-version-externally-managed
[8.542s] Level 1:colcon.colcon_core.environment:checking '/home/slaoui/ros2_ws/install/light_source' for CMake config files
[8.547s] Level 1:colcon.colcon_core.environment:checking '/home/slaoui/ros2_ws/install/light_source/lib'
[8.548s] Level 1:colcon.colcon_core.environment:checking '/home/slaoui/ros2_ws/install/light_source/bin'
[8.548s] Level 1:colcon.colcon_core.environment:checking '/home/slaoui/ros2_ws/install/light_source/lib/pkgconfig/light_source.pc'
[8.549s] Level 1:colcon.colcon_core.environment:checking '/home/slaoui/ros2_ws/install/light_source/lib/python3.10/site-packages'
[8.549s] Level 1:colcon.colcon_core.shell:create_environment_hook('light_source', 'pythonpath')
[8.550s] INFO:colcon.colcon_core.shell:Creating environment hook '/home/slaoui/ros2_ws/install/light_source/share/light_source/hook/pythonpath.ps1'
[8.552s] INFO:colcon.colcon_core.shell:Creating environment descriptor '/home/slaoui/ros2_ws/install/light_source/share/light_source/hook/pythonpath.dsv'
[8.554s] INFO:colcon.colcon_core.shell:Creating environment hook '/home/slaoui/ros2_ws/install/light_source/share/light_source/hook/pythonpath.sh'
[8.557s] Level 1:colcon.colcon_core.environment:checking '/home/slaoui/ros2_ws/install/light_source/bin'
[8.557s] Level 1:colcon.colcon_core.environment:create_environment_scripts_only(light_source)
[8.558s] INFO:colcon.colcon_core.shell:Creating package script '/home/slaoui/ros2_ws/install/light_source/share/light_source/package.ps1'
[8.561s] INFO:colcon.colcon_core.shell:Creating package descriptor '/home/slaoui/ros2_ws/install/light_source/share/light_source/package.dsv'
[8.564s] INFO:colcon.colcon_core.shell:Creating package script '/home/slaoui/ros2_ws/install/light_source/share/light_source/package.sh'
[8.566s] INFO:colcon.colcon_core.shell:Creating package script '/home/slaoui/ros2_ws/install/light_source/share/light_source/package.bash'
[8.568s] INFO:colcon.colcon_core.shell:Creating package script '/home/slaoui/ros2_ws/install/light_source/share/light_source/package.zsh'
[8.570s] Level 1:colcon.colcon_core.environment:create_file_with_runtime_dependencies(/home/slaoui/ros2_ws/install/light_source/share/colcon-core/packages/light_source)
[8.736s] Level 1:colcon.colcon_core.environment:checking '/home/slaoui/ros2_ws/install/sensor_node' for CMake module files
[8.738s] DEBUG:colcon.colcon_core.event_handler.log_command:Invoked command in '/home/slaoui/ros2_ws/src/sensor_node' returned '0': PYTHONPATH=/home/slaoui/ros2_ws/build/sensor_node/prefix_override:/usr/lib/python3/dist-packages/colcon_core/task/python/colcon_distutils_commands:/home/slaoui/ros2_ws/install/sensor_node/lib/python3.10/site-packages:${PYTHONPATH} /usr/bin/python3 -W ignore:setup.py install is deprecated -W ignore:easy_install command is deprecated setup.py egg_info --egg-base ../../build/sensor_node build --build-base /home/slaoui/ros2_ws/build/sensor_node/build install --record /home/slaoui/ros2_ws/build/sensor_node/install.log --single-version-externally-managed
[8.741s] Level 1:colcon.colcon_core.environment:checking '/home/slaoui/ros2_ws/install/sensor_node' for CMake config files
[8.749s] Level 1:colcon.colcon_core.environment:checking '/home/slaoui/ros2_ws/install/sensor_node/lib'
[8.750s] Level 1:colcon.colcon_core.environment:checking '/home/slaoui/ros2_ws/install/sensor_node/bin'
[8.750s] Level 1:colcon.colcon_core.environment:checking '/home/slaoui/ros2_ws/install/sensor_node/lib/pkgconfig/sensor_node.pc'
[8.752s] Level 1:colcon.colcon_core.environment:checking '/home/slaoui/ros2_ws/install/sensor_node/lib/python3.10/site-packages'
[8.753s] Level 1:colcon.colcon_core.shell:create_environment_hook('sensor_node', 'pythonpath')
[8.755s] INFO:colcon.colcon_core.shell:Creating environment hook '/home/slaoui/ros2_ws/install/sensor_node/share/sensor_node/hook/pythonpath.ps1'
[8.762s] INFO:colcon.colcon_core.shell:Creating environment descriptor '/home/slaoui/ros2_ws/install/sensor_node/share/sensor_node/hook/pythonpath.dsv'
[8.764s] INFO:colcon.colcon_core.shell:Creating environment hook '/home/slaoui/ros2_ws/install/sensor_node/share/sensor_node/hook/pythonpath.sh'
[8.766s] Level 1:colcon.colcon_core.environment:checking '/home/slaoui/ros2_ws/install/sensor_node/bin'
[8.766s] Level 1:colcon.colcon_core.environment:create_environment_scripts_only(sensor_node)
[8.767s] INFO:colcon.colcon_core.shell:Creating package script '/home/slaoui/ros2_ws/install/sensor_node/share/sensor_node/package.ps1'
[8.768s] INFO:colcon.colcon_core.shell:Creating package descriptor '/home/slaoui/ros2_ws/install/sensor_node/share/sensor_node/package.dsv'
[8.770s] INFO:colcon.colcon_core.shell:Creating package script '/home/slaoui/ros2_ws/install/sensor_node/share/sensor_node/package.sh'
[8.771s] INFO:colcon.colcon_core.shell:Creating package script '/home/slaoui/ros2_ws/install/sensor_node/share/sensor_node/package.bash'
[8.773s] INFO:colcon.colcon_core.shell:Creating package script '/home/slaoui/ros2_ws/install/sensor_node/share/sensor_node/package.zsh'
[8.774s] Level 1:colcon.colcon_core.environment:create_file_with_runtime_dependencies(/home/slaoui/ros2_ws/install/sensor_node/share/colcon-core/packages/sensor_node)
[9.418s] Level 1:colcon.colcon_core.environment:checking '/home/slaoui/ros2_ws/install/light_follower' for CMake module files
[9.419s] Level 1:colcon.colcon_core.environment:checking '/home/slaoui/ros2_ws/install/light_follower' for CMake config files
[9.421s] Level 1:colcon.colcon_core.environment:checking '/home/slaoui/ros2_ws/install/light_follower/lib'
[9.421s] Level 1:colcon.colcon_core.environment:checking '/home/slaoui/ros2_ws/install/light_follower/bin'
[9.421s] Level 1:colcon.colcon_core.environment:checking '/home/slaoui/ros2_ws/install/light_follower/lib/pkgconfig/light_follower.pc'
[9.422s] Level 1:colcon.colcon_core.environment:checking '/home/slaoui/ros2_ws/install/light_follower/lib/python3.10/site-packages'
[9.422s] Level 1:colcon.colcon_core.shell:create_environment_hook('light_follower', 'pythonpath')
[9.423s] INFO:colcon.colcon_core.shell:Creating environment hook '/home/slaoui/ros2_ws/install/light_follower/share/light_follower/hook/pythonpath.ps1'
[9.425s] DEBUG:colcon.colcon_core.event_handler.log_command:Invoked command in '/home/slaoui/ros2_ws/src/light_follower' returned '0': PYTHONPATH=/home/slaoui/ros2_ws/build/light_follower/prefix_override:/usr/lib/python3/dist-packages/colcon_core/task/python/colcon_distutils_commands:/home/slaoui/ros2_ws/install/light_follower/lib/python3.10/site-packages:${PYTHONPATH} /usr/bin/python3 -W ignore:setup.py install is deprecated -W ignore:easy_install command is deprecated setup.py egg_info --egg-base ../../build/light_follower build --build-base /home/slaoui/ros2_ws/build/light_follower/build install --record /home/slaoui/ros2_ws/build/light_follower/install.log --single-version-externally-managed
[9.425s] INFO:colcon.colcon_core.shell:Creating environment descriptor '/home/slaoui/ros2_ws/install/light_follower/share/light_follower/hook/pythonpath.dsv'
[9.427s] INFO:colcon.colcon_core.shell:Creating environment hook '/home/slaoui/ros2_ws/install/light_follower/share/light_follower/hook/pythonpath.sh'
[9.428s] Level 1:colcon.colcon_core.environment:checking '/home/slaoui/ros2_ws/install/light_follower/bin'
[9.429s] Level 1:colcon.colcon_core.environment:create_environment_scripts_only(light_follower)
[9.429s] INFO:colcon.colcon_core.shell:Creating package script '/home/slaoui/ros2_ws/install/light_follower/share/light_follower/package.ps1'
[9.431s] INFO:colcon.colcon_core.shell:Creating package descriptor '/home/slaoui/ros2_ws/install/light_follower/share/light_follower/package.dsv'
[9.433s] INFO:colcon.colcon_core.shell:Creating package script '/home/slaoui/ros2_ws/install/light_follower/share/light_follower/package.sh'
[9.435s] INFO:colcon.colcon_core.shell:Creating package script '/home/slaoui/ros2_ws/install/light_follower/share/light_follower/package.bash'
[9.438s] INFO:colcon.colcon_core.shell:Creating package script '/home/slaoui/ros2_ws/install/light_follower/share/light_follower/package.zsh'
[9.442s] Level 1:colcon.colcon_core.environment:create_file_with_runtime_dependencies(/home/slaoui/ros2_ws/install/light_follower/share/colcon-core/packages/light_follower)
[9.446s] DEBUG:colcon.colcon_parallel_executor.executor.parallel:closing loop
[9.447s] DEBUG:colcon.colcon_parallel_executor.executor.parallel:loop closed
[9.448s] DEBUG:colcon.colcon_parallel_executor.executor.parallel:run_until_complete finished with '0'
[9.451s] DEBUG:colcon.colcon_core.event_reactor:joining thread
[9.555s] INFO:colcon.colcon_core.plugin_system:Skipping extension 'colcon_notification.desktop_notification.terminal_notifier': Not used on non-Darwin systems
[9.555s] INFO:colcon.colcon_core.plugin_system:Skipping extension 'colcon_notification.desktop_notification.win32': Not used on non-Windows systems
[9.555s] INFO:colcon.colcon_notification.desktop_notification:Sending desktop notification using 'notify2'
[9.777s] DEBUG:colcon.colcon_core.event_reactor:joined thread
[9.778s] INFO:colcon.colcon_core.shell:Creating prefix script '/home/slaoui/ros2_ws/install/local_setup.ps1'
[9.788s] INFO:colcon.colcon_core.shell:Creating prefix util module '/home/slaoui/ros2_ws/install/_local_setup_util_ps1.py'
[9.797s] INFO:colcon.colcon_core.shell:Creating prefix chain script '/home/slaoui/ros2_ws/install/setup.ps1'
[9.802s] INFO:colcon.colcon_core.shell:Creating prefix script '/home/slaoui/ros2_ws/install/local_setup.sh'
[9.806s] INFO:colcon.colcon_core.shell:Creating prefix util module '/home/slaoui/ros2_ws/install/_local_setup_util_sh.py'
[9.810s] INFO:colcon.colcon_core.shell:Creating prefix chain script '/home/slaoui/ros2_ws/install/setup.sh'
[9.814s] INFO:colcon.colcon_core.shell:Creating prefix script '/home/slaoui/ros2_ws/install/local_setup.bash'
[9.822s] INFO:colcon.colcon_core.shell:Creating prefix chain script '/home/slaoui/ros2_ws/install/setup.bash'
[9.826s] INFO:colcon.colcon_core.shell:Creating prefix script '/home/slaoui/ros2_ws/install/local_setup.zsh'
[9.829s] INFO:colcon.colcon_core.shell:Creating prefix chain script '/home/slaoui/ros2_ws/install/setup.zsh'
